#
# There is insufficient memory for the Java Runtime Environment to continue.
# Native memory allocation (malloc) failed to allocate 305136 bytes for Chunk::new
# Possible reasons:
#   The system is out of physical RAM or swap space
#   The process is running with CompressedOops enabled, and the Java Heap may be blocking the growth of the native heap
# Possible solutions:
#   Reduce memory load on the system
#   Increase physical memory or swap space
#   Check if swap backing store is full
#   Decrease Java heap size (-Xmx/-Xms)
#   Decrease number of Java threads
#   Decrease Java thread stack sizes (-Xss)
#   Set larger code cache with -XX:ReservedCodeCacheSize=
#   JVM is running with Zero Based Compressed Oops mode in which the Java heap is
#     placed in the first 32GB address space. The Java Heap base address is the
#     maximum limit for the native heap growth. Please use -XX:HeapBaseMinAddress
#     to set the Java Heap base and to place the Java Heap above 32GB virtual address.
# This output file may be truncated or incomplete.
#
#  Out of Memory Error (./open/src/hotspot/share/memory/arena.cpp:197), pid=5008, tid=15200
#
# JRE version: Java(TM) SE Runtime Environment 18.9 (11.0.17+10) (build 11.0.17+10-LTS-269)
# Java VM: Java HotSpot(TM) 64-Bit Server VM 18.9 (11.0.17+10-LTS-269, mixed mode, tiered, compressed oops, g1 gc, windows-amd64)
# No core dump will be written. Minidumps are not enabled by default on client versions of Windows
#

---------------  S U M M A R Y ------------

Command Line: -ea -Dfile.encoding=utf-8 org.eclipse.jdt.internal.junit.runner.RemoteTestRunner -version 3 -port 57090 -testLoaderClass org.eclipse.jdt.internal.junit4.runner.JUnit4TestLoader -loaderpluginname org.eclipse.jdt.junit4.runtime -classNames com.acorn.batis.MemberDaoTest

Host: 11th Gen Intel(R) Core(TM) i7-1165G7 @ 2.80GHz, 8 cores, 15G,  Windows 10 , 64 bit Build 19041 (10.0.19041.3636)
Time: Wed Apr 24 23:28:45 2024  Windows 10 , 64 bit Build 19041 (10.0.19041.3636) elapsed time: 1.983923 seconds (0d 0h 0m 1s)

---------------  T H R E A D  ---------------

Current thread (0x000001dae5ff4800):  JavaThread "C2 CompilerThread2" daemon [_thread_in_native, id=15200, stack(0x000000181b500000,0x000000181b600000)]


Current CompileTask:
C2:   1984 2737       4       java.lang.invoke.MethodType::makeImpl (108 bytes)

Stack: [0x000000181b500000,0x000000181b600000]
Native frames: (J=compiled Java code, j=interpreted, Vv=VM code, C=native code)
V  [jvm.dll+0x62b5da]
V  [jvm.dll+0x7653df]
V  [jvm.dll+0x766a89]
V  [jvm.dll+0x767113]
V  [jvm.dll+0x23dd28]
V  [jvm.dll+0xb2a1c]
V  [jvm.dll+0xb2fdc]
V  [jvm.dll+0x523a3b]
V  [jvm.dll+0x18cc6e]
V  [jvm.dll+0x1f8815]
V  [jvm.dll+0x1f78fd]
V  [jvm.dll+0x177c91]
V  [jvm.dll+0x207296]
V  [jvm.dll+0x20542b]
V  [jvm.dll+0x72b2c0]
V  [jvm.dll+0x723e64]
V  [jvm.dll+0x62a485]
C  [ucrtbase.dll+0x21bb2]
C  [KERNEL32.DLL+0x17344]
C  [ntdll.dll+0x526b1]


---------------  P R O C E S S  ---------------

Threads class SMR info:
_java_thread_list=0x000001dae6031100, length=17, elements={
0x000001dabf8a0800, 0x000001dae4c72000, 0x000001dae4c7b800, 0x000001dae4cda800,
0x000001dae4cdd800, 0x000001dae4ce1000, 0x000001dae4ce6800, 0x000001dae4cef800,
0x000001dae4d07000, 0x000001dae4e7f800, 0x000001dae50e3800, 0x000001dae52b6000,
0x000001dae5df0800, 0x000001dae5ff4800, 0x000001dae5dc8000, 0x000001dae6775800,
0x000001dae8785800
}

Java Threads: ( => current thread )
  0x000001dabf8a0800 JavaThread "main" [_thread_in_vm, id=1612, stack(0x0000001819b00000,0x0000001819c00000)]
  0x000001dae4c72000 JavaThread "Reference Handler" daemon [_thread_blocked, id=14744, stack(0x000000181a200000,0x000000181a300000)]
  0x000001dae4c7b800 JavaThread "Finalizer" daemon [_thread_blocked, id=12732, stack(0x000000181a300000,0x000000181a400000)]
  0x000001dae4cda800 JavaThread "Signal Dispatcher" daemon [_thread_blocked, id=14940, stack(0x000000181a400000,0x000000181a500000)]
  0x000001dae4cdd800 JavaThread "Attach Listener" daemon [_thread_blocked, id=6732, stack(0x000000181a500000,0x000000181a600000)]
  0x000001dae4ce1000 JavaThread "Service Thread" daemon [_thread_blocked, id=11548, stack(0x000000181a600000,0x000000181a700000)]
  0x000001dae4ce6800 JavaThread "C2 CompilerThread0" daemon [_thread_blocked, id=8104, stack(0x000000181a700000,0x000000181a800000)]
  0x000001dae4cef800 JavaThread "C1 CompilerThread0" daemon [_thread_blocked, id=13068, stack(0x000000181a800000,0x000000181a900000)]
  0x000001dae4d07000 JavaThread "Sweeper thread" daemon [_thread_blocked, id=504, stack(0x000000181a900000,0x000000181aa00000)]
  0x000001dae4e7f800 JavaThread "Common-Cleaner" daemon [_thread_blocked, id=10020, stack(0x000000181ab00000,0x000000181ac00000)]
  0x000001dae50e3800 JavaThread "ReaderThread" [_thread_in_native, id=4396, stack(0x000000181ac00000,0x000000181ad00000)]
  0x000001dae52b6000 JavaThread "C2 CompilerThread1" daemon [_thread_in_native, id=13472, stack(0x000000181ad00000,0x000000181ae00000)]
  0x000001dae5df0800 JavaThread "Keep-Alive-Timer" daemon [_thread_blocked, id=12592, stack(0x000000181b400000,0x000000181b500000)]
=>0x000001dae5ff4800 JavaThread "C2 CompilerThread2" daemon [_thread_in_native, id=15200, stack(0x000000181b500000,0x000000181b600000)]
  0x000001dae5dc8000 JavaThread "oracle.jdbc.driver.BlockSource.ThreadedCachingBlockSource.BlockReleaser" daemon [_thread_blocked, id=12536, stack(0x000000181b600000,0x000000181b700000)]
  0x000001dae6775800 JavaThread "InterruptTimer" daemon [_thread_blocked, id=14724, stack(0x000000181b700000,0x000000181b800000)]
  0x000001dae8785800 JavaThread "OJDBC-WORKER-THREAD-1" daemon [_thread_blocked, id=3964, stack(0x000000181b800000,0x000000181b900000)]

Other Threads:
  0x000001dae43c1000 VMThread "VM Thread" [stack: 0x000000181a100000,0x000000181a200000] [id=14720]
  0x000001dae4e7c800 WatcherThread [stack: 0x000000181aa00000,0x000000181ab00000] [id=7740]
  0x000001dabf8b5000 GCTaskThread "GC Thread#0" [stack: 0x0000001819c00000,0x0000001819d00000] [id=10096]
  0x000001dae5d0a800 GCTaskThread "GC Thread#1" [stack: 0x000000181ae00000,0x000000181af00000] [id=13268]
  0x000001dae5843800 GCTaskThread "GC Thread#2" [stack: 0x000000181af00000,0x000000181b000000] [id=8540]
  0x000001dae5844800 GCTaskThread "GC Thread#3" [stack: 0x000000181b000000,0x000000181b100000] [id=820]
  0x000001dae5b0a800 GCTaskThread "GC Thread#4" [stack: 0x000000181b100000,0x000000181b200000] [id=15240]
  0x000001dae5b0b800 GCTaskThread "GC Thread#5" [stack: 0x000000181b200000,0x000000181b300000] [id=5264]
  0x000001dabf910000 ConcurrentGCThread "G1 Main Marker" [stack: 0x0000001819d00000,0x0000001819e00000] [id=12764]
  0x000001dabf913000 ConcurrentGCThread "G1 Conc#0" [stack: 0x0000001819e00000,0x0000001819f00000] [id=7928]
  0x000001dae5807000 ConcurrentGCThread "G1 Conc#1" [stack: 0x000000181b300000,0x000000181b400000] [id=14436]
  0x000001dae42a7800 ConcurrentGCThread "G1 Refine#0" [stack: 0x0000001819f00000,0x000000181a000000] [id=4692]
  0x000001dae42a8800 ConcurrentGCThread "G1 Young RemSet Sampling" [stack: 0x000000181a000000,0x000000181a100000] [id=3568]

Threads with active compile tasks:
C2 CompilerThread1     1995 2780 % !   4       com.sun.crypto.provider.PBKDF2KeyImpl::deriveKey @ 191 (295 bytes)
C2 CompilerThread2     1995 2737       4       java.lang.invoke.MethodType::makeImpl (108 bytes)

VM state:not at safepoint (normal execution)

VM Mutex/Monitor currently owned by a thread: None

Heap address: 0x0000000703200000, size: 4046 MB, Compressed Oops mode: Zero based, Oop shift amount: 3
Narrow klass base: 0x0000000800000000, Narrow klass shift: 0
Compressed class space size: 1073741824 Address: 0x0000000800000000

Heap:
 garbage-first heap   total 260096K, used 12780K [0x0000000703200000, 0x0000000800000000)
  region size 1024K, 9 young (9216K), 6 survivors (6144K)
 Metaspace       used 36006K, capacity 36532K, committed 36816K, reserved 1081344K
  class space    used 3995K, capacity 4224K, committed 4224K, reserved 1048576K
Heap Regions: E=young(eden), S=young(survivor), O=old, HS=humongous(starts), HC=humongous(continues), CS=collection set, F=free, A=archive, TAMS=top-at-mark-start (previous, next)
|   0|0x0000000703200000, 0x0000000703300000, 0x0000000703300000|100%| O|  |TAMS 0x0000000703300000, 0x0000000703200000| Untracked 
|   1|0x0000000703300000, 0x0000000703400000, 0x0000000703400000|100%| O|  |TAMS 0x0000000703400000, 0x0000000703300000| Untracked 
|   2|0x0000000703400000, 0x0000000703500000, 0x0000000703500000|100%| O|  |TAMS 0x0000000703500000, 0x0000000703400000| Untracked 
|   3|0x0000000703500000, 0x0000000703600000, 0x0000000703600000|100%| O|  |TAMS 0x0000000703600000, 0x0000000703500000| Untracked 
|   4|0x0000000703600000, 0x0000000703700000, 0x0000000703700000|100%| O|  |TAMS 0x0000000703700000, 0x0000000703600000| Untracked 
|   5|0x0000000703700000, 0x0000000703747a00, 0x0000000703800000| 27%| O|  |TAMS 0x0000000703747a00, 0x0000000703700000| Untracked 
|   6|0x0000000703800000, 0x0000000703800000, 0x0000000703900000|  0%| F|  |TAMS 0x0000000703800000, 0x0000000703800000| Untracked 
|   7|0x0000000703900000, 0x0000000703900000, 0x0000000703a00000|  0%| F|  |TAMS 0x0000000703900000, 0x0000000703900000| Untracked 
|   8|0x0000000703a00000, 0x0000000703a00000, 0x0000000703b00000|  0%| F|  |TAMS 0x0000000703a00000, 0x0000000703a00000| Untracked 
|   9|0x0000000703b00000, 0x0000000703b00000, 0x0000000703c00000|  0%| F|  |TAMS 0x0000000703b00000, 0x0000000703b00000| Untracked 
|  10|0x0000000703c00000, 0x0000000703c00000, 0x0000000703d00000|  0%| F|  |TAMS 0x0000000703c00000, 0x0000000703c00000| Untracked 
|  11|0x0000000703d00000, 0x0000000703d00000, 0x0000000703e00000|  0%| F|  |TAMS 0x0000000703d00000, 0x0000000703d00000| Untracked 
|  12|0x0000000703e00000, 0x0000000703e00000, 0x0000000703f00000|  0%| F|  |TAMS 0x0000000703e00000, 0x0000000703e00000| Untracked 
|  13|0x0000000703f00000, 0x0000000703f00000, 0x0000000704000000|  0%| F|  |TAMS 0x0000000703f00000, 0x0000000703f00000| Untracked 
|  14|0x0000000704000000, 0x0000000704000000, 0x0000000704100000|  0%| F|  |TAMS 0x0000000704000000, 0x0000000704000000| Untracked 
|  15|0x0000000704100000, 0x0000000704100000, 0x0000000704200000|  0%| F|  |TAMS 0x0000000704100000, 0x0000000704100000| Untracked 
|  16|0x0000000704200000, 0x0000000704200000, 0x0000000704300000|  0%| F|  |TAMS 0x0000000704200000, 0x0000000704200000| Untracked 
|  17|0x0000000704300000, 0x0000000704300000, 0x0000000704400000|  0%| F|  |TAMS 0x0000000704300000, 0x0000000704300000| Untracked 
|  18|0x0000000704400000, 0x0000000704400000, 0x0000000704500000|  0%| F|  |TAMS 0x0000000704400000, 0x0000000704400000| Untracked 
|  19|0x0000000704500000, 0x0000000704500000, 0x0000000704600000|  0%| F|  |TAMS 0x0000000704500000, 0x0000000704500000| Untracked 
|  20|0x0000000704600000, 0x0000000704600000, 0x0000000704700000|  0%| F|  |TAMS 0x0000000704600000, 0x0000000704600000| Untracked 
|  21|0x0000000704700000, 0x0000000704700000, 0x0000000704800000|  0%| F|  |TAMS 0x0000000704700000, 0x0000000704700000| Untracked 
|  22|0x0000000704800000, 0x0000000704800000, 0x0000000704900000|  0%| F|  |TAMS 0x0000000704800000, 0x0000000704800000| Untracked 
|  23|0x0000000704900000, 0x0000000704900000, 0x0000000704a00000|  0%| F|  |TAMS 0x0000000704900000, 0x0000000704900000| Untracked 
|  24|0x0000000704a00000, 0x0000000704a00000, 0x0000000704b00000|  0%| F|  |TAMS 0x0000000704a00000, 0x0000000704a00000| Untracked 
|  25|0x0000000704b00000, 0x0000000704b00000, 0x0000000704c00000|  0%| F|  |TAMS 0x0000000704b00000, 0x0000000704b00000| Untracked 
|  26|0x0000000704c00000, 0x0000000704c00000, 0x0000000704d00000|  0%| F|  |TAMS 0x0000000704c00000, 0x0000000704c00000| Untracked 
|  27|0x0000000704d00000, 0x0000000704d00000, 0x0000000704e00000|  0%| F|  |TAMS 0x0000000704d00000, 0x0000000704d00000| Untracked 
|  28|0x0000000704e00000, 0x0000000704e00000, 0x0000000704f00000|  0%| F|  |TAMS 0x0000000704e00000, 0x0000000704e00000| Untracked 
|  29|0x0000000704f00000, 0x0000000704f00000, 0x0000000705000000|  0%| F|  |TAMS 0x0000000704f00000, 0x0000000704f00000| Untracked 
|  30|0x0000000705000000, 0x0000000705000000, 0x0000000705100000|  0%| F|  |TAMS 0x0000000705000000, 0x0000000705000000| Untracked 
|  31|0x0000000705100000, 0x0000000705100000, 0x0000000705200000|  0%| F|  |TAMS 0x0000000705100000, 0x0000000705100000| Untracked 
|  32|0x0000000705200000, 0x0000000705200000, 0x0000000705300000|  0%| F|  |TAMS 0x0000000705200000, 0x0000000705200000| Untracked 
|  33|0x0000000705300000, 0x0000000705300000, 0x0000000705400000|  0%| F|  |TAMS 0x0000000705300000, 0x0000000705300000| Untracked 
|  34|0x0000000705400000, 0x0000000705400000, 0x0000000705500000|  0%| F|  |TAMS 0x0000000705400000, 0x0000000705400000| Untracked 
|  35|0x0000000705500000, 0x0000000705500000, 0x0000000705600000|  0%| F|  |TAMS 0x0000000705500000, 0x0000000705500000| Untracked 
|  36|0x0000000705600000, 0x0000000705600000, 0x0000000705700000|  0%| F|  |TAMS 0x0000000705600000, 0x0000000705600000| Untracked 
|  37|0x0000000705700000, 0x0000000705700000, 0x0000000705800000|  0%| F|  |TAMS 0x0000000705700000, 0x0000000705700000| Untracked 
|  38|0x0000000705800000, 0x0000000705800000, 0x0000000705900000|  0%| F|  |TAMS 0x0000000705800000, 0x0000000705800000| Untracked 
|  39|0x0000000705900000, 0x0000000705900000, 0x0000000705a00000|  0%| F|  |TAMS 0x0000000705900000, 0x0000000705900000| Untracked 
|  40|0x0000000705a00000, 0x0000000705a00000, 0x0000000705b00000|  0%| F|  |TAMS 0x0000000705a00000, 0x0000000705a00000| Untracked 
|  41|0x0000000705b00000, 0x0000000705b00000, 0x0000000705c00000|  0%| F|  |TAMS 0x0000000705b00000, 0x0000000705b00000| Untracked 
|  42|0x0000000705c00000, 0x0000000705c00000, 0x0000000705d00000|  0%| F|  |TAMS 0x0000000705c00000, 0x0000000705c00000| Untracked 
|  43|0x0000000705d00000, 0x0000000705d00000, 0x0000000705e00000|  0%| F|  |TAMS 0x0000000705d00000, 0x0000000705d00000| Untracked 
|  44|0x0000000705e00000, 0x0000000705e00000, 0x0000000705f00000|  0%| F|  |TAMS 0x0000000705e00000, 0x0000000705e00000| Untracked 
|  45|0x0000000705f00000, 0x0000000705f00000, 0x0000000706000000|  0%| F|  |TAMS 0x0000000705f00000, 0x0000000705f00000| Untracked 
|  46|0x0000000706000000, 0x0000000706000000, 0x0000000706100000|  0%| F|  |TAMS 0x0000000706000000, 0x0000000706000000| Untracked 
|  47|0x0000000706100000, 0x0000000706100000, 0x0000000706200000|  0%| F|  |TAMS 0x0000000706100000, 0x0000000706100000| Untracked 
|  48|0x0000000706200000, 0x0000000706200000, 0x0000000706300000|  0%| F|  |TAMS 0x0000000706200000, 0x0000000706200000| Untracked 
|  49|0x0000000706300000, 0x0000000706300000, 0x0000000706400000|  0%| F|  |TAMS 0x0000000706300000, 0x0000000706300000| Untracked 
|  50|0x0000000706400000, 0x0000000706400000, 0x0000000706500000|  0%| F|  |TAMS 0x0000000706400000, 0x0000000706400000| Untracked 
|  51|0x0000000706500000, 0x0000000706500000, 0x0000000706600000|  0%| F|  |TAMS 0x0000000706500000, 0x0000000706500000| Untracked 
|  52|0x0000000706600000, 0x0000000706600000, 0x0000000706700000|  0%| F|  |TAMS 0x0000000706600000, 0x0000000706600000| Untracked 
|  53|0x0000000706700000, 0x0000000706700000, 0x0000000706800000|  0%| F|  |TAMS 0x0000000706700000, 0x0000000706700000| Untracked 
|  54|0x0000000706800000, 0x0000000706800000, 0x0000000706900000|  0%| F|  |TAMS 0x0000000706800000, 0x0000000706800000| Untracked 
|  55|0x0000000706900000, 0x0000000706900000, 0x0000000706a00000|  0%| F|  |TAMS 0x0000000706900000, 0x0000000706900000| Untracked 
|  56|0x0000000706a00000, 0x0000000706a00000, 0x0000000706b00000|  0%| F|  |TAMS 0x0000000706a00000, 0x0000000706a00000| Untracked 
|  57|0x0000000706b00000, 0x0000000706b00000, 0x0000000706c00000|  0%| F|  |TAMS 0x0000000706b00000, 0x0000000706b00000| Untracked 
|  58|0x0000000706c00000, 0x0000000706c00000, 0x0000000706d00000|  0%| F|  |TAMS 0x0000000706c00000, 0x0000000706c00000| Untracked 
|  59|0x0000000706d00000, 0x0000000706d00000, 0x0000000706e00000|  0%| F|  |TAMS 0x0000000706d00000, 0x0000000706d00000| Untracked 
|  60|0x0000000706e00000, 0x0000000706e00000, 0x0000000706f00000|  0%| F|  |TAMS 0x0000000706e00000, 0x0000000706e00000| Untracked 
|  61|0x0000000706f00000, 0x0000000706f00000, 0x0000000707000000|  0%| F|  |TAMS 0x0000000706f00000, 0x0000000706f00000| Untracked 
|  62|0x0000000707000000, 0x0000000707000000, 0x0000000707100000|  0%| F|  |TAMS 0x0000000707000000, 0x0000000707000000| Untracked 
|  63|0x0000000707100000, 0x0000000707100000, 0x0000000707200000|  0%| F|  |TAMS 0x0000000707100000, 0x0000000707100000| Untracked 
|  64|0x0000000707200000, 0x0000000707200000, 0x0000000707300000|  0%| F|  |TAMS 0x0000000707200000, 0x0000000707200000| Untracked 
|  65|0x0000000707300000, 0x0000000707300000, 0x0000000707400000|  0%| F|  |TAMS 0x0000000707300000, 0x0000000707300000| Untracked 
|  66|0x0000000707400000, 0x0000000707400000, 0x0000000707500000|  0%| F|  |TAMS 0x0000000707400000, 0x0000000707400000| Untracked 
|  67|0x0000000707500000, 0x0000000707500000, 0x0000000707600000|  0%| F|  |TAMS 0x0000000707500000, 0x0000000707500000| Untracked 
|  68|0x0000000707600000, 0x0000000707600000, 0x0000000707700000|  0%| F|  |TAMS 0x0000000707600000, 0x0000000707600000| Untracked 
|  69|0x0000000707700000, 0x0000000707700000, 0x0000000707800000|  0%| F|  |TAMS 0x0000000707700000, 0x0000000707700000| Untracked 
|  70|0x0000000707800000, 0x0000000707800000, 0x0000000707900000|  0%| F|  |TAMS 0x0000000707800000, 0x0000000707800000| Untracked 
|  71|0x0000000707900000, 0x0000000707900000, 0x0000000707a00000|  0%| F|  |TAMS 0x0000000707900000, 0x0000000707900000| Untracked 
|  72|0x0000000707a00000, 0x0000000707a00000, 0x0000000707b00000|  0%| F|  |TAMS 0x0000000707a00000, 0x0000000707a00000| Untracked 
|  73|0x0000000707b00000, 0x0000000707b00000, 0x0000000707c00000|  0%| F|  |TAMS 0x0000000707b00000, 0x0000000707b00000| Untracked 
|  74|0x0000000707c00000, 0x0000000707c00000, 0x0000000707d00000|  0%| F|  |TAMS 0x0000000707c00000, 0x0000000707c00000| Untracked 
|  75|0x0000000707d00000, 0x0000000707d00000, 0x0000000707e00000|  0%| F|  |TAMS 0x0000000707d00000, 0x0000000707d00000| Untracked 
|  76|0x0000000707e00000, 0x0000000707e00000, 0x0000000707f00000|  0%| F|  |TAMS 0x0000000707e00000, 0x0000000707e00000| Untracked 
|  77|0x0000000707f00000, 0x0000000707f00000, 0x0000000708000000|  0%| F|  |TAMS 0x0000000707f00000, 0x0000000707f00000| Untracked 
|  78|0x0000000708000000, 0x0000000708000000, 0x0000000708100000|  0%| F|  |TAMS 0x0000000708000000, 0x0000000708000000| Untracked 
|  79|0x0000000708100000, 0x0000000708100000, 0x0000000708200000|  0%| F|  |TAMS 0x0000000708100000, 0x0000000708100000| Untracked 
|  80|0x0000000708200000, 0x0000000708200000, 0x0000000708300000|  0%| F|  |TAMS 0x0000000708200000, 0x0000000708200000| Untracked 
|  81|0x0000000708300000, 0x0000000708300000, 0x0000000708400000|  0%| F|  |TAMS 0x0000000708300000, 0x0000000708300000| Untracked 
|  82|0x0000000708400000, 0x0000000708400000, 0x0000000708500000|  0%| F|  |TAMS 0x0000000708400000, 0x0000000708400000| Untracked 
|  83|0x0000000708500000, 0x0000000708500000, 0x0000000708600000|  0%| F|  |TAMS 0x0000000708500000, 0x0000000708500000| Untracked 
|  84|0x0000000708600000, 0x0000000708600000, 0x0000000708700000|  0%| F|  |TAMS 0x0000000708600000, 0x0000000708600000| Untracked 
|  85|0x0000000708700000, 0x0000000708700000, 0x0000000708800000|  0%| F|  |TAMS 0x0000000708700000, 0x0000000708700000| Untracked 
|  86|0x0000000708800000, 0x0000000708800000, 0x0000000708900000|  0%| F|  |TAMS 0x0000000708800000, 0x0000000708800000| Untracked 
|  87|0x0000000708900000, 0x0000000708900000, 0x0000000708a00000|  0%| F|  |TAMS 0x0000000708900000, 0x0000000708900000| Untracked 
|  88|0x0000000708a00000, 0x0000000708a00000, 0x0000000708b00000|  0%| F|  |TAMS 0x0000000708a00000, 0x0000000708a00000| Untracked 
|  89|0x0000000708b00000, 0x0000000708b00000, 0x0000000708c00000|  0%| F|  |TAMS 0x0000000708b00000, 0x0000000708b00000| Untracked 
|  90|0x0000000708c00000, 0x0000000708c00000, 0x0000000708d00000|  0%| F|  |TAMS 0x0000000708c00000, 0x0000000708c00000| Untracked 
|  91|0x0000000708d00000, 0x0000000708d00000, 0x0000000708e00000|  0%| F|  |TAMS 0x0000000708d00000, 0x0000000708d00000| Untracked 
|  92|0x0000000708e00000, 0x0000000708e00000, 0x0000000708f00000|  0%| F|  |TAMS 0x0000000708e00000, 0x0000000708e00000| Untracked 
|  93|0x0000000708f00000, 0x0000000708f00000, 0x0000000709000000|  0%| F|  |TAMS 0x0000000708f00000, 0x0000000708f00000| Untracked 
|  94|0x0000000709000000, 0x0000000709000000, 0x0000000709100000|  0%| F|  |TAMS 0x0000000709000000, 0x0000000709000000| Untracked 
|  95|0x0000000709100000, 0x0000000709100000, 0x0000000709200000|  0%| F|  |TAMS 0x0000000709100000, 0x0000000709100000| Untracked 
|  96|0x0000000709200000, 0x0000000709200000, 0x0000000709300000|  0%| F|  |TAMS 0x0000000709200000, 0x0000000709200000| Untracked 
|  97|0x0000000709300000, 0x0000000709300000, 0x0000000709400000|  0%| F|  |TAMS 0x0000000709300000, 0x0000000709300000| Untracked 
|  98|0x0000000709400000, 0x0000000709400000, 0x0000000709500000|  0%| F|  |TAMS 0x0000000709400000, 0x0000000709400000| Untracked 
|  99|0x0000000709500000, 0x0000000709500000, 0x0000000709600000|  0%| F|  |TAMS 0x0000000709500000, 0x0000000709500000| Untracked 
| 100|0x0000000709600000, 0x0000000709600000, 0x0000000709700000|  0%| F|  |TAMS 0x0000000709600000, 0x0000000709600000| Untracked 
| 101|0x0000000709700000, 0x0000000709700000, 0x0000000709800000|  0%| F|  |TAMS 0x0000000709700000, 0x0000000709700000| Untracked 
| 102|0x0000000709800000, 0x0000000709800000, 0x0000000709900000|  0%| F|  |TAMS 0x0000000709800000, 0x0000000709800000| Untracked 
| 103|0x0000000709900000, 0x0000000709900000, 0x0000000709a00000|  0%| F|  |TAMS 0x0000000709900000, 0x0000000709900000| Untracked 
| 104|0x0000000709a00000, 0x0000000709a00000, 0x0000000709b00000|  0%| F|  |TAMS 0x0000000709a00000, 0x0000000709a00000| Untracked 
| 105|0x0000000709b00000, 0x0000000709b00000, 0x0000000709c00000|  0%| F|  |TAMS 0x0000000709b00000, 0x0000000709b00000| Untracked 
| 106|0x0000000709c00000, 0x0000000709c00000, 0x0000000709d00000|  0%| F|  |TAMS 0x0000000709c00000, 0x0000000709c00000| Untracked 
| 107|0x0000000709d00000, 0x0000000709d00000, 0x0000000709e00000|  0%| F|  |TAMS 0x0000000709d00000, 0x0000000709d00000| Untracked 
| 108|0x0000000709e00000, 0x0000000709e00000, 0x0000000709f00000|  0%| F|  |TAMS 0x0000000709e00000, 0x0000000709e00000| Untracked 
| 109|0x0000000709f00000, 0x0000000709f00000, 0x000000070a000000|  0%| F|  |TAMS 0x0000000709f00000, 0x0000000709f00000| Untracked 
| 110|0x000000070a000000, 0x000000070a000000, 0x000000070a100000|  0%| F|  |TAMS 0x000000070a000000, 0x000000070a000000| Untracked 
| 111|0x000000070a100000, 0x000000070a100000, 0x000000070a200000|  0%| F|  |TAMS 0x000000070a100000, 0x000000070a100000| Untracked 
| 112|0x000000070a200000, 0x000000070a200000, 0x000000070a300000|  0%| F|  |TAMS 0x000000070a200000, 0x000000070a200000| Untracked 
| 113|0x000000070a300000, 0x000000070a300000, 0x000000070a400000|  0%| F|  |TAMS 0x000000070a300000, 0x000000070a300000| Untracked 
| 114|0x000000070a400000, 0x000000070a400000, 0x000000070a500000|  0%| F|  |TAMS 0x000000070a400000, 0x000000070a400000| Untracked 
| 115|0x000000070a500000, 0x000000070a500000, 0x000000070a600000|  0%| F|  |TAMS 0x000000070a500000, 0x000000070a500000| Untracked 
| 116|0x000000070a600000, 0x000000070a600000, 0x000000070a700000|  0%| F|  |TAMS 0x000000070a600000, 0x000000070a600000| Untracked 
| 117|0x000000070a700000, 0x000000070a700000, 0x000000070a800000|  0%| F|  |TAMS 0x000000070a700000, 0x000000070a700000| Untracked 
| 118|0x000000070a800000, 0x000000070a800000, 0x000000070a900000|  0%| F|  |TAMS 0x000000070a800000, 0x000000070a800000| Untracked 
| 119|0x000000070a900000, 0x000000070a900000, 0x000000070aa00000|  0%| F|  |TAMS 0x000000070a900000, 0x000000070a900000| Untracked 
| 120|0x000000070aa00000, 0x000000070aa00000, 0x000000070ab00000|  0%| F|  |TAMS 0x000000070aa00000, 0x000000070aa00000| Untracked 
| 121|0x000000070ab00000, 0x000000070ab00000, 0x000000070ac00000|  0%| F|  |TAMS 0x000000070ab00000, 0x000000070ab00000| Untracked 
| 122|0x000000070ac00000, 0x000000070ac00000, 0x000000070ad00000|  0%| F|  |TAMS 0x000000070ac00000, 0x000000070ac00000| Untracked 
| 123|0x000000070ad00000, 0x000000070ad00000, 0x000000070ae00000|  0%| F|  |TAMS 0x000000070ad00000, 0x000000070ad00000| Untracked 
| 124|0x000000070ae00000, 0x000000070ae00000, 0x000000070af00000|  0%| F|  |TAMS 0x000000070ae00000, 0x000000070ae00000| Untracked 
| 125|0x000000070af00000, 0x000000070af00000, 0x000000070b000000|  0%| F|  |TAMS 0x000000070af00000, 0x000000070af00000| Untracked 
| 126|0x000000070b000000, 0x000000070b000000, 0x000000070b100000|  0%| F|  |TAMS 0x000000070b000000, 0x000000070b000000| Untracked 
| 127|0x000000070b100000, 0x000000070b100000, 0x000000070b200000|  0%| F|  |TAMS 0x000000070b100000, 0x000000070b100000| Untracked 
| 128|0x000000070b200000, 0x000000070b200000, 0x000000070b300000|  0%| F|  |TAMS 0x000000070b200000, 0x000000070b200000| Untracked 
| 129|0x000000070b300000, 0x000000070b300000, 0x000000070b400000|  0%| F|  |TAMS 0x000000070b300000, 0x000000070b300000| Untracked 
| 130|0x000000070b400000, 0x000000070b400000, 0x000000070b500000|  0%| F|  |TAMS 0x000000070b400000, 0x000000070b400000| Untracked 
| 131|0x000000070b500000, 0x000000070b500000, 0x000000070b600000|  0%| F|  |TAMS 0x000000070b500000, 0x000000070b500000| Untracked 
| 132|0x000000070b600000, 0x000000070b600000, 0x000000070b700000|  0%| F|  |TAMS 0x000000070b600000, 0x000000070b600000| Untracked 
| 133|0x000000070b700000, 0x000000070b700000, 0x000000070b800000|  0%| F|  |TAMS 0x000000070b700000, 0x000000070b700000| Untracked 
| 134|0x000000070b800000, 0x000000070b800000, 0x000000070b900000|  0%| F|  |TAMS 0x000000070b800000, 0x000000070b800000| Untracked 
| 135|0x000000070b900000, 0x000000070b900000, 0x000000070ba00000|  0%| F|  |TAMS 0x000000070b900000, 0x000000070b900000| Untracked 
| 136|0x000000070ba00000, 0x000000070ba00000, 0x000000070bb00000|  0%| F|  |TAMS 0x000000070ba00000, 0x000000070ba00000| Untracked 
| 137|0x000000070bb00000, 0x000000070bb00000, 0x000000070bc00000|  0%| F|  |TAMS 0x000000070bb00000, 0x000000070bb00000| Untracked 
| 138|0x000000070bc00000, 0x000000070bc00000, 0x000000070bd00000|  0%| F|  |TAMS 0x000000070bc00000, 0x000000070bc00000| Untracked 
| 139|0x000000070bd00000, 0x000000070bd00000, 0x000000070be00000|  0%| F|  |TAMS 0x000000070bd00000, 0x000000070bd00000| Untracked 
| 140|0x000000070be00000, 0x000000070be00000, 0x000000070bf00000|  0%| F|  |TAMS 0x000000070be00000, 0x000000070be00000| Untracked 
| 141|0x000000070bf00000, 0x000000070bf00000, 0x000000070c000000|  0%| F|  |TAMS 0x000000070bf00000, 0x000000070bf00000| Untracked 
| 142|0x000000070c000000, 0x000000070c000000, 0x000000070c100000|  0%| F|  |TAMS 0x000000070c000000, 0x000000070c000000| Untracked 
| 143|0x000000070c100000, 0x000000070c100000, 0x000000070c200000|  0%| F|  |TAMS 0x000000070c100000, 0x000000070c100000| Untracked 
| 144|0x000000070c200000, 0x000000070c200000, 0x000000070c300000|  0%| F|  |TAMS 0x000000070c200000, 0x000000070c200000| Untracked 
| 145|0x000000070c300000, 0x000000070c300000, 0x000000070c400000|  0%| F|  |TAMS 0x000000070c300000, 0x000000070c300000| Untracked 
| 146|0x000000070c400000, 0x000000070c400000, 0x000000070c500000|  0%| F|  |TAMS 0x000000070c400000, 0x000000070c400000| Untracked 
| 147|0x000000070c500000, 0x000000070c500000, 0x000000070c600000|  0%| F|  |TAMS 0x000000070c500000, 0x000000070c500000| Untracked 
| 148|0x000000070c600000, 0x000000070c600000, 0x000000070c700000|  0%| F|  |TAMS 0x000000070c600000, 0x000000070c600000| Untracked 
| 149|0x000000070c700000, 0x000000070c700000, 0x000000070c800000|  0%| F|  |TAMS 0x000000070c700000, 0x000000070c700000| Untracked 
| 150|0x000000070c800000, 0x000000070c800000, 0x000000070c900000|  0%| F|  |TAMS 0x000000070c800000, 0x000000070c800000| Untracked 
| 151|0x000000070c900000, 0x000000070c900000, 0x000000070ca00000|  0%| F|  |TAMS 0x000000070c900000, 0x000000070c900000| Untracked 
| 152|0x000000070ca00000, 0x000000070ca00000, 0x000000070cb00000|  0%| F|  |TAMS 0x000000070ca00000, 0x000000070ca00000| Untracked 
| 153|0x000000070cb00000, 0x000000070cb00000, 0x000000070cc00000|  0%| F|  |TAMS 0x000000070cb00000, 0x000000070cb00000| Untracked 
| 154|0x000000070cc00000, 0x000000070cc00000, 0x000000070cd00000|  0%| F|  |TAMS 0x000000070cc00000, 0x000000070cc00000| Untracked 
| 155|0x000000070cd00000, 0x000000070cd00000, 0x000000070ce00000|  0%| F|  |TAMS 0x000000070cd00000, 0x000000070cd00000| Untracked 
| 156|0x000000070ce00000, 0x000000070ce00000, 0x000000070cf00000|  0%| F|  |TAMS 0x000000070ce00000, 0x000000070ce00000| Untracked 
| 157|0x000000070cf00000, 0x000000070cf00000, 0x000000070d000000|  0%| F|  |TAMS 0x000000070cf00000, 0x000000070cf00000| Untracked 
| 158|0x000000070d000000, 0x000000070d000000, 0x000000070d100000|  0%| F|  |TAMS 0x000000070d000000, 0x000000070d000000| Untracked 
| 159|0x000000070d100000, 0x000000070d100000, 0x000000070d200000|  0%| F|  |TAMS 0x000000070d100000, 0x000000070d100000| Untracked 
| 160|0x000000070d200000, 0x000000070d200000, 0x000000070d300000|  0%| F|  |TAMS 0x000000070d200000, 0x000000070d200000| Untracked 
| 161|0x000000070d300000, 0x000000070d300000, 0x000000070d400000|  0%| F|  |TAMS 0x000000070d300000, 0x000000070d300000| Untracked 
| 162|0x000000070d400000, 0x000000070d400000, 0x000000070d500000|  0%| F|  |TAMS 0x000000070d400000, 0x000000070d400000| Untracked 
| 163|0x000000070d500000, 0x000000070d500000, 0x000000070d600000|  0%| F|  |TAMS 0x000000070d500000, 0x000000070d500000| Untracked 
| 164|0x000000070d600000, 0x000000070d600000, 0x000000070d700000|  0%| F|  |TAMS 0x000000070d600000, 0x000000070d600000| Untracked 
| 165|0x000000070d700000, 0x000000070d700000, 0x000000070d800000|  0%| F|  |TAMS 0x000000070d700000, 0x000000070d700000| Untracked 
| 166|0x000000070d800000, 0x000000070d800000, 0x000000070d900000|  0%| F|  |TAMS 0x000000070d800000, 0x000000070d800000| Untracked 
| 167|0x000000070d900000, 0x000000070d900000, 0x000000070da00000|  0%| F|  |TAMS 0x000000070d900000, 0x000000070d900000| Untracked 
| 168|0x000000070da00000, 0x000000070da00000, 0x000000070db00000|  0%| F|  |TAMS 0x000000070da00000, 0x000000070da00000| Untracked 
| 169|0x000000070db00000, 0x000000070db00000, 0x000000070dc00000|  0%| F|  |TAMS 0x000000070db00000, 0x000000070db00000| Untracked 
| 170|0x000000070dc00000, 0x000000070dc00000, 0x000000070dd00000|  0%| F|  |TAMS 0x000000070dc00000, 0x000000070dc00000| Untracked 
| 171|0x000000070dd00000, 0x000000070dd00000, 0x000000070de00000|  0%| F|  |TAMS 0x000000070dd00000, 0x000000070dd00000| Untracked 
| 172|0x000000070de00000, 0x000000070de00000, 0x000000070df00000|  0%| F|  |TAMS 0x000000070de00000, 0x000000070de00000| Untracked 
| 173|0x000000070df00000, 0x000000070df00000, 0x000000070e000000|  0%| F|  |TAMS 0x000000070df00000, 0x000000070df00000| Untracked 
| 174|0x000000070e000000, 0x000000070e000000, 0x000000070e100000|  0%| F|  |TAMS 0x000000070e000000, 0x000000070e000000| Untracked 
| 175|0x000000070e100000, 0x000000070e100000, 0x000000070e200000|  0%| F|  |TAMS 0x000000070e100000, 0x000000070e100000| Untracked 
| 176|0x000000070e200000, 0x000000070e200000, 0x000000070e300000|  0%| F|  |TAMS 0x000000070e200000, 0x000000070e200000| Untracked 
| 177|0x000000070e300000, 0x000000070e300000, 0x000000070e400000|  0%| F|  |TAMS 0x000000070e300000, 0x000000070e300000| Untracked 
| 178|0x000000070e400000, 0x000000070e400000, 0x000000070e500000|  0%| F|  |TAMS 0x000000070e400000, 0x000000070e400000| Untracked 
| 179|0x000000070e500000, 0x000000070e500000, 0x000000070e600000|  0%| F|  |TAMS 0x000000070e500000, 0x000000070e500000| Untracked 
| 180|0x000000070e600000, 0x000000070e600000, 0x000000070e700000|  0%| F|  |TAMS 0x000000070e600000, 0x000000070e600000| Untracked 
| 181|0x000000070e700000, 0x000000070e700000, 0x000000070e800000|  0%| F|  |TAMS 0x000000070e700000, 0x000000070e700000| Untracked 
| 182|0x000000070e800000, 0x000000070e800000, 0x000000070e900000|  0%| F|  |TAMS 0x000000070e800000, 0x000000070e800000| Untracked 
| 183|0x000000070e900000, 0x000000070e900000, 0x000000070ea00000|  0%| F|  |TAMS 0x000000070e900000, 0x000000070e900000| Untracked 
| 184|0x000000070ea00000, 0x000000070ea00000, 0x000000070eb00000|  0%| F|  |TAMS 0x000000070ea00000, 0x000000070ea00000| Untracked 
| 185|0x000000070eb00000, 0x000000070eb00000, 0x000000070ec00000|  0%| F|  |TAMS 0x000000070eb00000, 0x000000070eb00000| Untracked 
| 186|0x000000070ec00000, 0x000000070ec00000, 0x000000070ed00000|  0%| F|  |TAMS 0x000000070ec00000, 0x000000070ec00000| Untracked 
| 187|0x000000070ed00000, 0x000000070ed00000, 0x000000070ee00000|  0%| F|  |TAMS 0x000000070ed00000, 0x000000070ed00000| Untracked 
| 188|0x000000070ee00000, 0x000000070ee00000, 0x000000070ef00000|  0%| F|  |TAMS 0x000000070ee00000, 0x000000070ee00000| Untracked 
| 189|0x000000070ef00000, 0x000000070ef00000, 0x000000070f000000|  0%| F|  |TAMS 0x000000070ef00000, 0x000000070ef00000| Untracked 
| 190|0x000000070f000000, 0x000000070f000000, 0x000000070f100000|  0%| F|  |TAMS 0x000000070f000000, 0x000000070f000000| Untracked 
| 191|0x000000070f100000, 0x000000070f100000, 0x000000070f200000|  0%| F|  |TAMS 0x000000070f100000, 0x000000070f100000| Untracked 
| 192|0x000000070f200000, 0x000000070f200000, 0x000000070f300000|  0%| F|  |TAMS 0x000000070f200000, 0x000000070f200000| Untracked 
| 193|0x000000070f300000, 0x000000070f300000, 0x000000070f400000|  0%| F|  |TAMS 0x000000070f300000, 0x000000070f300000| Untracked 
| 194|0x000000070f400000, 0x000000070f400000, 0x000000070f500000|  0%| F|  |TAMS 0x000000070f400000, 0x000000070f400000| Untracked 
| 195|0x000000070f500000, 0x000000070f500000, 0x000000070f600000|  0%| F|  |TAMS 0x000000070f500000, 0x000000070f500000| Untracked 
| 196|0x000000070f600000, 0x000000070f600000, 0x000000070f700000|  0%| F|  |TAMS 0x000000070f600000, 0x000000070f600000| Untracked 
| 197|0x000000070f700000, 0x000000070f700000, 0x000000070f800000|  0%| F|  |TAMS 0x000000070f700000, 0x000000070f700000| Untracked 
| 198|0x000000070f800000, 0x000000070f800000, 0x000000070f900000|  0%| F|  |TAMS 0x000000070f800000, 0x000000070f800000| Untracked 
| 199|0x000000070f900000, 0x000000070f900000, 0x000000070fa00000|  0%| F|  |TAMS 0x000000070f900000, 0x000000070f900000| Untracked 
| 200|0x000000070fa00000, 0x000000070fa00000, 0x000000070fb00000|  0%| F|  |TAMS 0x000000070fa00000, 0x000000070fa00000| Untracked 
| 201|0x000000070fb00000, 0x000000070fb00000, 0x000000070fc00000|  0%| F|  |TAMS 0x000000070fb00000, 0x000000070fb00000| Untracked 
| 202|0x000000070fc00000, 0x000000070fc00000, 0x000000070fd00000|  0%| F|  |TAMS 0x000000070fc00000, 0x000000070fc00000| Untracked 
| 203|0x000000070fd00000, 0x000000070fd00000, 0x000000070fe00000|  0%| F|  |TAMS 0x000000070fd00000, 0x000000070fd00000| Untracked 
| 204|0x000000070fe00000, 0x000000070fe00000, 0x000000070ff00000|  0%| F|  |TAMS 0x000000070fe00000, 0x000000070fe00000| Untracked 
| 205|0x000000070ff00000, 0x000000070ff00000, 0x0000000710000000|  0%| F|  |TAMS 0x000000070ff00000, 0x000000070ff00000| Untracked 
| 206|0x0000000710000000, 0x0000000710000000, 0x0000000710100000|  0%| F|  |TAMS 0x0000000710000000, 0x0000000710000000| Untracked 
| 207|0x0000000710100000, 0x0000000710100000, 0x0000000710200000|  0%| F|  |TAMS 0x0000000710100000, 0x0000000710100000| Untracked 
| 208|0x0000000710200000, 0x0000000710200000, 0x0000000710300000|  0%| F|  |TAMS 0x0000000710200000, 0x0000000710200000| Untracked 
| 209|0x0000000710300000, 0x0000000710300000, 0x0000000710400000|  0%| F|  |TAMS 0x0000000710300000, 0x0000000710300000| Untracked 
| 210|0x0000000710400000, 0x0000000710400000, 0x0000000710500000|  0%| F|  |TAMS 0x0000000710400000, 0x0000000710400000| Untracked 
| 211|0x0000000710500000, 0x0000000710500000, 0x0000000710600000|  0%| F|  |TAMS 0x0000000710500000, 0x0000000710500000| Untracked 
| 212|0x0000000710600000, 0x0000000710600000, 0x0000000710700000|  0%| F|  |TAMS 0x0000000710600000, 0x0000000710600000| Untracked 
| 213|0x0000000710700000, 0x0000000710700000, 0x0000000710800000|  0%| F|  |TAMS 0x0000000710700000, 0x0000000710700000| Untracked 
| 214|0x0000000710800000, 0x0000000710800000, 0x0000000710900000|  0%| F|  |TAMS 0x0000000710800000, 0x0000000710800000| Untracked 
| 215|0x0000000710900000, 0x0000000710900000, 0x0000000710a00000|  0%| F|  |TAMS 0x0000000710900000, 0x0000000710900000| Untracked 
| 216|0x0000000710a00000, 0x0000000710a00000, 0x0000000710b00000|  0%| F|  |TAMS 0x0000000710a00000, 0x0000000710a00000| Untracked 
| 217|0x0000000710b00000, 0x0000000710b00000, 0x0000000710c00000|  0%| F|  |TAMS 0x0000000710b00000, 0x0000000710b00000| Untracked 
| 218|0x0000000710c00000, 0x0000000710c00000, 0x0000000710d00000|  0%| F|  |TAMS 0x0000000710c00000, 0x0000000710c00000| Untracked 
| 219|0x0000000710d00000, 0x0000000710d00000, 0x0000000710e00000|  0%| F|  |TAMS 0x0000000710d00000, 0x0000000710d00000| Untracked 
| 220|0x0000000710e00000, 0x0000000710e00000, 0x0000000710f00000|  0%| F|  |TAMS 0x0000000710e00000, 0x0000000710e00000| Untracked 
| 221|0x0000000710f00000, 0x0000000710f00000, 0x0000000711000000|  0%| F|  |TAMS 0x0000000710f00000, 0x0000000710f00000| Untracked 
| 222|0x0000000711000000, 0x0000000711000000, 0x0000000711100000|  0%| F|  |TAMS 0x0000000711000000, 0x0000000711000000| Untracked 
| 223|0x0000000711100000, 0x0000000711100000, 0x0000000711200000|  0%| F|  |TAMS 0x0000000711100000, 0x0000000711100000| Untracked 
| 224|0x0000000711200000, 0x0000000711200000, 0x0000000711300000|  0%| F|  |TAMS 0x0000000711200000, 0x0000000711200000| Untracked 
| 225|0x0000000711300000, 0x0000000711300000, 0x0000000711400000|  0%| F|  |TAMS 0x0000000711300000, 0x0000000711300000| Untracked 
| 226|0x0000000711400000, 0x0000000711400000, 0x0000000711500000|  0%| F|  |TAMS 0x0000000711400000, 0x0000000711400000| Untracked 
| 227|0x0000000711500000, 0x0000000711500000, 0x0000000711600000|  0%| F|  |TAMS 0x0000000711500000, 0x0000000711500000| Untracked 
| 228|0x0000000711600000, 0x0000000711600000, 0x0000000711700000|  0%| F|  |TAMS 0x0000000711600000, 0x0000000711600000| Untracked 
| 229|0x0000000711700000, 0x0000000711700000, 0x0000000711800000|  0%| F|  |TAMS 0x0000000711700000, 0x0000000711700000| Untracked 
| 230|0x0000000711800000, 0x0000000711800000, 0x0000000711900000|  0%| F|  |TAMS 0x0000000711800000, 0x0000000711800000| Untracked 
| 231|0x0000000711900000, 0x0000000711933950, 0x0000000711a00000| 20%| S|CS|TAMS 0x0000000711900000, 0x0000000711900000| Complete 
| 232|0x0000000711a00000, 0x0000000711b00000, 0x0000000711b00000|100%| S|CS|TAMS 0x0000000711a00000, 0x0000000711a00000| Complete 
| 233|0x0000000711b00000, 0x0000000711c00000, 0x0000000711c00000|100%| S|CS|TAMS 0x0000000711b00000, 0x0000000711b00000| Complete 
| 234|0x0000000711c00000, 0x0000000711d00000, 0x0000000711d00000|100%| S|CS|TAMS 0x0000000711c00000, 0x0000000711c00000| Complete 
| 235|0x0000000711d00000, 0x0000000711e00000, 0x0000000711e00000|100%| S|CS|TAMS 0x0000000711d00000, 0x0000000711d00000| Complete 
| 236|0x0000000711e00000, 0x0000000711f00000, 0x0000000711f00000|100%| S|CS|TAMS 0x0000000711e00000, 0x0000000711e00000| Complete 
| 237|0x0000000711f00000, 0x0000000711f00000, 0x0000000712000000|  0%| F|  |TAMS 0x0000000711f00000, 0x0000000711f00000| Untracked 
| 238|0x0000000712000000, 0x0000000712000000, 0x0000000712100000|  0%| F|  |TAMS 0x0000000712000000, 0x0000000712000000| Untracked 
| 239|0x0000000712100000, 0x0000000712100000, 0x0000000712200000|  0%| F|  |TAMS 0x0000000712100000, 0x0000000712100000| Untracked 
| 240|0x0000000712200000, 0x0000000712200000, 0x0000000712300000|  0%| F|  |TAMS 0x0000000712200000, 0x0000000712200000| Untracked 
| 241|0x0000000712300000, 0x0000000712300000, 0x0000000712400000|  0%| F|  |TAMS 0x0000000712300000, 0x0000000712300000| Untracked 
| 242|0x0000000712400000, 0x0000000712400000, 0x0000000712500000|  0%| F|  |TAMS 0x0000000712400000, 0x0000000712400000| Untracked 
| 243|0x0000000712500000, 0x0000000712500000, 0x0000000712600000|  0%| F|  |TAMS 0x0000000712500000, 0x0000000712500000| Untracked 
| 244|0x0000000712600000, 0x0000000712600000, 0x0000000712700000|  0%| F|  |TAMS 0x0000000712600000, 0x0000000712600000| Untracked 
| 245|0x0000000712700000, 0x0000000712700000, 0x0000000712800000|  0%| F|  |TAMS 0x0000000712700000, 0x0000000712700000| Untracked 
| 246|0x0000000712800000, 0x0000000712800000, 0x0000000712900000|  0%| F|  |TAMS 0x0000000712800000, 0x0000000712800000| Untracked 
| 247|0x0000000712900000, 0x0000000712900000, 0x0000000712a00000|  0%| F|  |TAMS 0x0000000712900000, 0x0000000712900000| Untracked 
| 248|0x0000000712a00000, 0x0000000712a00000, 0x0000000712b00000|  0%| F|  |TAMS 0x0000000712a00000, 0x0000000712a00000| Untracked 
| 249|0x0000000712b00000, 0x0000000712b00000, 0x0000000712c00000|  0%| F|  |TAMS 0x0000000712b00000, 0x0000000712b00000| Untracked 
| 250|0x0000000712c00000, 0x0000000712c8fc10, 0x0000000712d00000| 56%| E|  |TAMS 0x0000000712c00000, 0x0000000712c00000| Complete 
| 251|0x0000000712d00000, 0x0000000712e00000, 0x0000000712e00000|100%| E|CS|TAMS 0x0000000712d00000, 0x0000000712d00000| Complete 
| 252|0x0000000712e00000, 0x0000000712f00000, 0x0000000712f00000|100%| E|CS|TAMS 0x0000000712e00000, 0x0000000712e00000| Complete 
| 253|0x0000000712f00000, 0x0000000713000000, 0x0000000713000000|100%| E|CS|TAMS 0x0000000712f00000, 0x0000000712f00000| Complete 

Card table byte_map: [0x000001dad89e0000,0x000001dad91d0000] _byte_map_base: 0x000001dad51c7000

Marking Bits (Prev, Next): (CMBitMap*) 0x000001dabf8ff938, (CMBitMap*) 0x000001dabf8ff970
 Prev Bits: [0x000001dad99c0000, 0x000001dadd8f8000)
 Next Bits: [0x000001dadd900000, 0x000001dae1838000)

Polling page: 0x000001dabf980000

Metaspace:

Usage:
  Non-class:     31.93 MB capacity,    31.64 MB (>99%) used,   224.87 KB ( <1%) free+waste,    70.00 KB ( <1%) overhead. 
      Class:      4.19 MB capacity,     3.97 MB ( 95%) used,   189.08 KB (  4%) free+waste,    32.13 KB ( <1%) overhead. 
       Both:     36.11 MB capacity,    35.61 MB ( 99%) used,   413.95 KB (  1%) free+waste,   102.13 KB ( <1%) overhead. 

Virtual space:
  Non-class space:       34.00 MB reserved,      32.08 MB ( 94%) committed 
      Class space:        1.00 GB reserved,       4.25 MB ( <1%) committed 
             Both:        1.03 GB reserved,      36.33 MB (  3%) committed 

Chunk freelists:
   Non-Class:  11.50 KB
       Class:  0 bytes
        Both:  11.50 KB

CodeHeap 'non-profiled nmethods': size=120000Kb used=1107Kb max_used=1107Kb free=118893Kb
 bounds [0x000001dad0260000, 0x000001dad04d0000, 0x000001dad7790000]
CodeHeap 'profiled nmethods': size=120000Kb used=6004Kb max_used=6004Kb free=113995Kb
 bounds [0x000001dac8d30000, 0x000001dac9310000, 0x000001dad0260000]
CodeHeap 'non-nmethods': size=5760Kb used=1232Kb max_used=1255Kb free=4527Kb
 bounds [0x000001dac8790000, 0x000001dac8a00000, 0x000001dac8d30000]
 total_blobs=3380 nmethods=2802 adapters=489
 compilation: enabled
              stopped_count=0, restarted_count=0
 full_count=0

Compilation events (10 events):
Event: 1.954 Thread 0x000001dae4cef800 nmethod 2794 0x000001dac9308790 code [0x000001dac9308a20, 0x000001dac9309488]
Event: 1.955 Thread 0x000001dae4cef800 2797       3       java.lang.ReflectiveOperationException::<init> (7 bytes)
Event: 1.955 Thread 0x000001dae4cef800 nmethod 2797 0x000001dac9309890 code [0x000001dac9309a40, 0x000001dac9309bc8]
Event: 1.966 Thread 0x000001dae4cef800 2798   !   3       jdk.internal.ref.PhantomCleanable::isListEmpty (34 bytes)
Event: 1.966 Thread 0x000001dae4cef800 nmethod 2798 0x000001dac9309c90 code [0x000001dac9309e40, 0x000001dac930a178]
Event: 1.966 Thread 0x000001dae4cef800 2799       3       jdk.internal.misc.InnocuousThread::eraseThreadLocals (23 bytes)
Event: 1.966 Thread 0x000001dae4cef800 nmethod 2799 0x000001dac930a290 code [0x000001dac930a420, 0x000001dac930a618]
Event: 1.966 Thread 0x000001dae4cef800 2800       3       java.lang.invoke.MethodHandleNatives$CallSiteContext::run (5 bytes)
Event: 1.966 Thread 0x000001dae4cef800 nmethod 2800 0x000001dac930a690 code [0x000001dac930a840, 0x000001dac930a968]
Event: 1.983 Thread 0x000001dae4cef800 2801       3       java.net.URLStreamHandler::equals (45 bytes)

GC Heap History (8 events):
Event: 0.562 GC heap before
{Heap before GC invocations=0 (full 0):
 garbage-first heap   total 260096K, used 23552K [0x0000000703200000, 0x0000000800000000)
  region size 1024K, 24 young (24576K), 0 survivors (0K)
 Metaspace       used 17512K, capacity 17842K, committed 17920K, reserved 1064960K
  class space    used 1839K, capacity 1998K, committed 2048K, reserved 1048576K
}
Event: 0.566 GC heap after
{Heap after GC invocations=1 (full 0):
 garbage-first heap   total 260096K, used 5271K [0x0000000703200000, 0x0000000800000000)
  region size 1024K, 3 young (3072K), 3 survivors (3072K)
 Metaspace       used 17512K, capacity 17842K, committed 17920K, reserved 1064960K
  class space    used 1839K, capacity 1998K, committed 2048K, reserved 1048576K
}
Event: 0.926 GC heap before
{Heap before GC invocations=1 (full 0):
 garbage-first heap   total 260096K, used 11415K [0x0000000703200000, 0x0000000800000000)
  region size 1024K, 10 young (10240K), 3 survivors (3072K)
 Metaspace       used 20875K, capacity 21176K, committed 21296K, reserved 1069056K
  class space    used 2243K, capacity 2381K, committed 2432K, reserved 1048576K
}
Event: 0.929 GC heap after
{Heap after GC invocations=2 (full 0):
 garbage-first heap   total 260096K, used 6883K [0x0000000703200000, 0x0000000800000000)
  region size 1024K, 2 young (2048K), 2 survivors (2048K)
 Metaspace       used 20875K, capacity 21176K, committed 21296K, reserved 1069056K
  class space    used 2243K, capacity 2381K, committed 2432K, reserved 1048576K
}
Event: 1.660 GC heap before
{Heap before GC invocations=3 (full 0):
 garbage-first heap   total 260096K, used 44771K [0x0000000703200000, 0x0000000800000000)
  region size 1024K, 39 young (39936K), 2 survivors (2048K)
 Metaspace       used 30127K, capacity 30691K, committed 30896K, reserved 1077248K
  class space    used 3312K, capacity 3531K, committed 3584K, reserved 1048576K
}
Event: 1.663 GC heap after
{Heap after GC invocations=4 (full 0):
 garbage-first heap   total 260096K, used 9502K [0x0000000703200000, 0x0000000800000000)
  region size 1024K, 4 young (4096K), 4 survivors (4096K)
 Metaspace       used 30127K, capacity 30691K, committed 30896K, reserved 1077248K
  class space    used 3312K, capacity 3531K, committed 3584K, reserved 1048576K
}
Event: 1.963 GC heap before
{Heap before GC invocations=4 (full 0):
 garbage-first heap   total 260096K, used 25886K [0x0000000703200000, 0x0000000800000000)
  region size 1024K, 21 young (21504K), 4 survivors (4096K)
 Metaspace       used 35317K, capacity 35828K, committed 35920K, reserved 1081344K
  class space    used 3856K, capacity 4096K, committed 4096K, reserved 1048576K
}
Event: 1.966 GC heap after
{Heap after GC invocations=5 (full 0):
 garbage-first heap   total 260096K, used 10732K [0x0000000703200000, 0x0000000800000000)
  region size 1024K, 6 young (6144K), 6 survivors (6144K)
 Metaspace       used 35317K, capacity 35828K, committed 35920K, reserved 1081344K
  class space    used 3856K, capacity 4096K, committed 4096K, reserved 1048576K
}

Deoptimization events (10 events):
Event: 1.618 Thread 0x000001dabf8a0800 Uncommon trap: reason=bimorphic_or_optimized_type_check action=maybe_recompile pc=0x000001dad02dfdcc method=java.util.regex.Pattern$BmpCharProperty.match(Ljava/util/regex/Matcher;ILjava/lang/CharSequence;)Z @ 19 c2
Event: 1.618 Thread 0x000001dabf8a0800 Uncommon trap: reason=bimorphic_or_optimized_type_check action=maybe_recompile pc=0x000001dad02dfdcc method=java.util.regex.Pattern$BmpCharProperty.match(Ljava/util/regex/Matcher;ILjava/lang/CharSequence;)Z @ 19 c2
Event: 1.618 Thread 0x000001dabf8a0800 Uncommon trap: reason=bimorphic_or_optimized_type_check action=maybe_recompile pc=0x000001dad02dfdcc method=java.util.regex.Pattern$BmpCharProperty.match(Ljava/util/regex/Matcher;ILjava/lang/CharSequence;)Z @ 19 c2
Event: 1.618 Thread 0x000001dabf8a0800 Uncommon trap: reason=bimorphic_or_optimized_type_check action=maybe_recompile pc=0x000001dad02dfdcc method=java.util.regex.Pattern$BmpCharProperty.match(Ljava/util/regex/Matcher;ILjava/lang/CharSequence;)Z @ 19 c2
Event: 1.639 Thread 0x000001dabf8a0800 Uncommon trap: reason=unstable_if action=reinterpret pc=0x000001dad0299cb4 method=java.util.HashMap.hash(Ljava/lang/Object;)I @ 1 c2
Event: 1.646 Thread 0x000001dabf8a0800 Uncommon trap: reason=unstable_if action=reinterpret pc=0x000001dad02b2428 method=java.util.concurrent.ConcurrentHashMap.get(Ljava/lang/Object;)Ljava/lang/Object; @ 152 c2
Event: 1.761 Thread 0x000001dabf8a0800 Uncommon trap: reason=bimorphic_or_optimized_type_check action=maybe_recompile pc=0x000001dad02db2b0 method=java.util.regex.Pattern$SliceI.match(Ljava/util/regex/Matcher;ILjava/lang/CharSequence;)Z @ 92 c2
Event: 1.764 Thread 0x000001dabf8a0800 Uncommon trap: reason=profile_predicate action=maybe_recompile pc=0x000001dad0358e5c method=java.lang.PublicMethods$MethodList.filter([Ljava/lang/reflect/Method;Ljava/lang/String;[Ljava/lang/Class;Z)Ljava/lang/PublicMethods$MethodList; @ 21 c2
Event: 1.772 Thread 0x000001dabf8a0800 Uncommon trap: reason=profile_predicate action=maybe_recompile pc=0x000001dad0358e5c method=java.lang.PublicMethods$MethodList.filter([Ljava/lang/reflect/Method;Ljava/lang/String;[Ljava/lang/Class;Z)Ljava/lang/PublicMethods$MethodList; @ 21 c2
Event: 1.787 Thread 0x000001dabf8a0800 Uncommon trap: reason=unstable_if action=reinterpret pc=0x000001dad035ae6c method=java.util.regex.Pattern$BmpCharProperty.match(Ljava/util/regex/Matcher;ILjava/lang/CharSequence;)Z @ 39 c2

Classes redefined (0 events):
No events

Internal exceptions (10 events):
Event: 1.679 Thread 0x000001dabf8a0800 Exception <a 'java/lang/ClassNotFoundException'{0x0000000712e1f6a0}: org/springframework/context/event/EventListenerFactoryCustomizer> (0x0000000712e1f6a0) thrown at [./open/src/hotspot/share/classfile/systemDictionary.cpp, line 226]
Event: 1.680 Thread 0x000001dabf8a0800 Exception <a 'java/lang/ClassNotFoundException'{0x0000000712e29420}: org/springframework/core/OrderedBeanInfo> (0x0000000712e29420) thrown at [./open/src/hotspot/share/classfile/systemDictionary.cpp, line 226]
Event: 1.680 Thread 0x000001dabf8a0800 Exception <a 'java/lang/ClassNotFoundException'{0x0000000712e30dc0}: org/springframework/core/OrderedCustomizer> (0x0000000712e30dc0) thrown at [./open/src/hotspot/share/classfile/systemDictionary.cpp, line 226]
Event: 1.697 Thread 0x000001dabf8a0800 Exception <a 'java/lang/ClassNotFoundException'{0x0000000712d9ff30}: com/acorn/batis/MemberDaoTestBeanInfo> (0x0000000712d9ff30) thrown at [./open/src/hotspot/share/classfile/systemDictionary.cpp, line 226]
Event: 1.698 Thread 0x000001dabf8a0800 Exception <a 'java/lang/ClassNotFoundException'{0x0000000712da7658}: com/acorn/batis/MemberDaoTestCustomizer> (0x0000000712da7658) thrown at [./open/src/hotspot/share/classfile/systemDictionary.cpp, line 226]
Event: 1.768 Thread 0x000001dabf8a0800 Exception <a 'java/lang/NoClassDefFoundError'{0x0000000712873af8}: oracle/dms/console/DMSConsole> (0x0000000712873af8) thrown at [./open/src/hotspot/share/classfile/systemDictionary.cpp, line 215]
Event: 1.768 Thread 0x000001dabf8a0800 Exception <a 'java/lang/reflect/InvocationTargetException'{0x0000000712874318}> (0x0000000712874318) thrown at [./open/src/hotspot/share/runtime/reflection.cpp, line 1242]
Event: 1.780 Thread 0x000001dabf8a0800 Exception <a 'java/lang/NoSuchMethodError'{0x00000007127c39a8}: java.lang.invoke.DirectMethodHandle$Holder.invokeSpecialIFC(Ljava/lang/Object;Ljava/lang/Object;Ljava/lang/Object;Ljava/lang/Object;)I> (0x00000007127c39a8) thrown at [./open/src/hotspot/shar
Event: 1.838 Thread 0x000001dabf8a0800 Exception <a 'java/lang/NoSuchMethodError'{0x00000007125c0088}: java.lang.invoke.DirectMethodHandle$Holder.invokeSpecialIFC(Ljava/lang/Object;Ljava/lang/Object;Ljava/lang/Object;)I> (0x00000007125c0088) thrown at [./open/src/hotspot/share/interpreter/link
Event: 1.846 Thread 0x000001dabf8a0800 Exception <a 'java/lang/NoSuchMethodError'{0x0000000712444000}: java.lang.invoke.DirectMethodHandle$Holder.invokeVirtual(Ljava/lang/Object;Ljava/lang/Object;I)Ljava/lang/Object;> (0x0000000712444000) thrown at [./open/src/hotspot/share/interpreter/linkRes

Events (10 events):
Event: 1.981 loading class oracle/jdbc/driver/BinaryFloatBinder
Event: 1.981 loading class oracle/jdbc/driver/BinaryFloatBinder done
Event: 1.982 loading class oracle/jdbc/driver/FloatBinder
Event: 1.982 loading class oracle/jdbc/driver/FloatBinder done
Event: 1.982 loading class oracle/jdbc/driver/VarnumBinder
Event: 1.982 loading class oracle/jdbc/driver/VarnumBinder done
Event: 1.982 loading class oracle/jdbc/driver/BinaryDoubleBinder
Event: 1.982 loading class oracle/jdbc/driver/BinaryDoubleBinder done
Event: 1.982 loading class oracle/jdbc/driver/DoubleBinder
Event: 1.982 loading class oracle/jdbc/driver/DoubleBinder done


Dynamic libraries:
0x00007ff7ed5b0000 - 0x00007ff7ed5bf000 	C:\Program Files\Java\jdk-11.0.17\bin\javaw.exe
0x00007ffd64db0000 - 0x00007ffd64fa8000 	C:\Windows\SYSTEM32\ntdll.dll
0x00007ffd64270000 - 0x00007ffd6432d000 	C:\Windows\System32\KERNEL32.DLL
0x00007ffd62680000 - 0x00007ffd62976000 	C:\Windows\System32\KERNELBASE.dll
0x00007ffd62460000 - 0x00007ffd62560000 	C:\Windows\System32\ucrtbase.dll
0x00007ffd5b820000 - 0x00007ffd5b838000 	C:\Program Files\Java\jdk-11.0.17\bin\jli.dll
0x00007ffd5b100000 - 0x00007ffd5b115000 	C:\Program Files\Java\jdk-11.0.17\bin\VCRUNTIME140.dll
0x00007ffd63320000 - 0x00007ffd633d0000 	C:\Windows\System32\ADVAPI32.dll
0x00007ffd63090000 - 0x00007ffd6312e000 	C:\Windows\System32\msvcrt.dll
0x00007ffd63130000 - 0x00007ffd631d0000 	C:\Windows\System32\sechost.dll
0x00007ffd62de0000 - 0x00007ffd62f03000 	C:\Windows\System32\RPCRT4.dll
0x00007ffd62a20000 - 0x00007ffd62a47000 	C:\Windows\System32\bcrypt.dll
0x00007ffd64bd0000 - 0x00007ffd64d6f000 	C:\Windows\System32\USER32.dll
0x00007ffd62db0000 - 0x00007ffd62dd2000 	C:\Windows\System32\win32u.dll
0x00007ffd63670000 - 0x00007ffd6369b000 	C:\Windows\System32\GDI32.dll
0x00007ffd62560000 - 0x00007ffd62677000 	C:\Windows\System32\gdi32full.dll
0x00007ffd62980000 - 0x00007ffd62a1d000 	C:\Windows\System32\msvcp_win.dll
0x00007ffd36ca0000 - 0x00007ffd36f3a000 	C:\Windows\WinSxS\amd64_microsoft.windows.common-controls_6595b64144ccf1df_6.0.19041.3636_none_60b6a03d71f818d5\COMCTL32.dll
0x00007ffd56e00000 - 0x00007ffd56e0a000 	C:\Windows\SYSTEM32\VERSION.dll
0x00007ffd63920000 - 0x00007ffd63952000 	C:\Windows\System32\IMM32.DLL
0x00007ffd2f150000 - 0x00007ffd2f1eb000 	C:\Program Files\Java\jdk-11.0.17\bin\msvcp140.dll
0x00007ffcce060000 - 0x00007ffcceb7a000 	C:\Program Files\Java\jdk-11.0.17\bin\server\jvm.dll
0x00007ffd63a90000 - 0x00007ffd63a98000 	C:\Windows\System32\PSAPI.DLL
0x00007ffd50e20000 - 0x00007ffd50e29000 	C:\Windows\SYSTEM32\WSOCK32.dll
0x00007ffd63790000 - 0x00007ffd637fb000 	C:\Windows\System32\WS2_32.dll
0x00007ffd5f6b0000 - 0x00007ffd5f6d7000 	C:\Windows\SYSTEM32\WINMM.dll
0x00007ffd60c90000 - 0x00007ffd60ca2000 	C:\Windows\SYSTEM32\kernel.appcore.dll
0x00007ffd5db00000 - 0x00007ffd5db10000 	C:\Program Files\Java\jdk-11.0.17\bin\verify.dll
0x00007ffd608d0000 - 0x00007ffd60ab4000 	C:\Windows\SYSTEM32\DBGHELP.DLL
0x00007ffd5f640000 - 0x00007ffd5f674000 	C:\Windows\SYSTEM32\dbgcore.DLL
0x00007ffd62cd0000 - 0x00007ffd62d52000 	C:\Windows\System32\bcryptPrimitives.dll
0x00007ffd58e30000 - 0x00007ffd58e58000 	C:\Program Files\Java\jdk-11.0.17\bin\java.dll
0x00007ffd5d4e0000 - 0x00007ffd5d4ea000 	C:\Program Files\Java\jdk-11.0.17\bin\jimage.dll
0x00007ffd5b080000 - 0x00007ffd5b096000 	C:\Program Files\Java\jdk-11.0.17\bin\zip.dll
0x00007ffd63aa0000 - 0x00007ffd6420b000 	C:\Windows\System32\SHELL32.dll
0x00007ffd60130000 - 0x00007ffd608ce000 	C:\Windows\SYSTEM32\windows.storage.dll
0x00007ffd64870000 - 0x00007ffd64bc3000 	C:\Windows\System32\combase.dll
0x00007ffd61e90000 - 0x00007ffd61ebe000 	C:\Windows\SYSTEM32\Wldp.dll
0x00007ffd647a0000 - 0x00007ffd6486d000 	C:\Windows\System32\OLEAUT32.dll
0x00007ffd63870000 - 0x00007ffd6391d000 	C:\Windows\System32\SHCORE.dll
0x00007ffd63610000 - 0x00007ffd63665000 	C:\Windows\System32\shlwapi.dll
0x00007ffd62390000 - 0x00007ffd623b3000 	C:\Windows\SYSTEM32\profapi.dll
0x00007ffd5b030000 - 0x00007ffd5b049000 	C:\Program Files\Java\jdk-11.0.17\bin\net.dll
0x00007ffd5c990000 - 0x00007ffd5ca9a000 	C:\Windows\SYSTEM32\WINHTTP.dll
0x00007ffd61bb0000 - 0x00007ffd61c1a000 	C:\Windows\system32\mswsock.dll
0x00007ffd59020000 - 0x00007ffd59032000 	C:\Program Files\Java\jdk-11.0.17\bin\nio.dll
0x00007ffd5d8f0000 - 0x00007ffd5d8fd000 	C:\Program Files\Java\jdk-11.0.17\bin\sunmscapi.dll
0x00007ffd62ac0000 - 0x00007ffd62c1e000 	C:\Windows\System32\CRYPT32.dll
0x00007ffd61f00000 - 0x00007ffd61f28000 	C:\Windows\SYSTEM32\ncrypt.dll
0x00007ffd61ec0000 - 0x00007ffd61efb000 	C:\Windows\SYSTEM32\NTASN1.dll
0x00007ffd590d0000 - 0x00007ffd590f5000 	C:\Program Files\Java\jdk-11.0.17\bin\sunec.dll
0x00007ffd61dc0000 - 0x00007ffd61dd8000 	C:\Windows\SYSTEM32\CRYPTSP.dll
0x00007ffd61460000 - 0x00007ffd61494000 	C:\Windows\system32\rsaenh.dll
0x00007ffd62310000 - 0x00007ffd6233e000 	C:\Windows\SYSTEM32\USERENV.dll
0x00007ffd61de0000 - 0x00007ffd61dec000 	C:\Windows\SYSTEM32\CRYPTBASE.dll
0x00007ffd61850000 - 0x00007ffd6188b000 	C:\Windows\SYSTEM32\IPHLPAPI.DLL
0x00007ffd63860000 - 0x00007ffd63868000 	C:\Windows\System32\NSI.dll
0x00007ffd533e0000 - 0x00007ffd533f7000 	C:\Windows\SYSTEM32\dhcpcsvc6.DLL
0x00007ffd58aa0000 - 0x00007ffd58abd000 	C:\Windows\SYSTEM32\dhcpcsvc.DLL
0x00007ffd618a0000 - 0x00007ffd6196b000 	C:\Windows\SYSTEM32\DNSAPI.dll
0x00007ffd50040000 - 0x00007ffd5004a000 	C:\Windows\System32\rasadhlp.dll
0x00007ffd56e20000 - 0x00007ffd56ea0000 	C:\Windows\System32\fwpuclnt.dll
0x00007ffd5b810000 - 0x00007ffd5b819000 	C:\Program Files\Java\jdk-11.0.17\bin\management.dll
0x00007ffd5b4c0000 - 0x00007ffd5b4cb000 	C:\Program Files\Java\jdk-11.0.17\bin\management_ext.dll
0x00007ffd3fc70000 - 0x00007ffd3fc87000 	C:\Windows\system32\napinsp.dll
0x00007ffd3fc50000 - 0x00007ffd3fc6b000 	C:\Windows\system32\pnrpnsp.dll
0x00007ffd5c960000 - 0x00007ffd5c975000 	C:\Windows\system32\wshbth.dll
0x00007ffd5d260000 - 0x00007ffd5d27d000 	C:\Windows\system32\NLAapi.dll
0x00007ffd3fc30000 - 0x00007ffd3fc42000 	C:\Windows\System32\winrnr.dll

dbghelp: loaded successfully - version: 4.0.5 - missing functions: none
symbol engine: initialized successfully - sym options: 0x614 - pdb path: .;C:\Program Files\Java\jdk-11.0.17\bin;C:\Windows\SYSTEM32;C:\Windows\WinSxS\amd64_microsoft.windows.common-controls_6595b64144ccf1df_6.0.19041.3636_none_60b6a03d71f818d5;C:\Program Files\Java\jdk-11.0.17\bin\server

VM Arguments:
jvm_args: -ea -Dfile.encoding=utf-8 
java_command: org.eclipse.jdt.internal.junit.runner.RemoteTestRunner -version 3 -port 57090 -testLoaderClass org.eclipse.jdt.internal.junit4.runner.JUnit4TestLoader -loaderpluginname org.eclipse.jdt.junit4.runtime -classNames com.acorn.batis.MemberDaoTest
java_class_path (initial): C:\Users\jooyeon\Documents\2024_\\2023\sprintws\batisPrj\target\test-classes;C:\Users\jooyeon\Documents\2024_\\2023\sprintws\batisPrj\target\classes;C:\Users\jooyeon\.m2\repository\com\oracle\database\jdbc\ojdbc8\21.7.0.0\ojdbc8-21.7.0.0.jar;C:\Users\jooyeon\.m2\repository\org\springframework\spring-test\5.0.7.RELEASE\spring-test-5.0.7.RELEASE.jar;C:\Users\jooyeon\.m2\repository\org\springframework\spring-core\5.0.7.RELEASE\spring-core-5.0.7.RELEASE.jar;C:\Users\jooyeon\.m2\repository\org\springframework\spring-jcl\5.0.7.RELEASE\spring-jcl-5.0.7.RELEASE.jar;C:\Users\jooyeon\.m2\repository\org\springframework\spring-jdbc\5.0.7.RELEASE\spring-jdbc-5.0.7.RELEASE.jar;C:\Users\jooyeon\.m2\repository\org\springframework\spring-beans\5.0.7.RELEASE\spring-beans-5.0.7.RELEASE.jar;C:\Users\jooyeon\.m2\repository\org\springframework\spring-tx\5.0.7.RELEASE\spring-tx-5.0.7.RELEASE.jar;C:\Users\jooyeon\.m2\repository\org\projectlombok\lombok\1.18.30\lombok-1.18.30.jar;C:\Users\jooyeon\.m2\repository\org\mybatis\mybatis\3.5.9\mybatis-3.5.9.jar;C:\Users\jooyeon\.m2\repository\org\mybatis\mybatis-spring\2.0.7\mybatis-spring-2.0.7.jar;C:\Users\jooyeon\.m2\repository\org\springframework\spring-context\5.0.7.RELEASE\spring-context-5.0.7.RELEASE.jar;C:\Users\jooyeon\.m2\repository\org\springframework\spring-aop\5.0.7.RELEASE\spring-aop-5.0.7.RELEASE.jar;C:\Users\jooyeon\.m2\repository\org\springframework\spring-expression\5.0.7.RELEASE\spring-expression-5.0.7.RELEASE.jar;C:\Users\jooyeon\.m2\repository\org\springframework\spring-webmvc\5.0.7.RELEASE\spring-webmvc-5.0.7.RELEASE.jar;C:\Users\jooyeon\.m2\repository\org\springframework\spring-web\5.0.7.RELEASE\spring-web-5.0.7.RELEASE.jar;C:\Users\jooyeon\.m2\repository\org\aspectj\aspectjrt\1.6.10\aspectjrt-1.6.10.jar;C:\Users\jooyeon\.m2\repository\org\slf4j\slf4j-api\1.6.6\slf4j-api-1.6.6.jar;C:\Users\jooyeon\.m2\repository\org\slf4j\jcl-over-slf4j\1.6.6\jcl-over-s
Launcher Type: SUN_STANDARD

[Global flags]
     intx CICompilerCount                          = 4                                         {product} {ergonomic}
     uint ConcGCThreads                            = 2                                         {product} {ergonomic}
     uint G1ConcRefinementThreads                  = 8                                         {product} {ergonomic}
   size_t G1HeapRegionSize                         = 1048576                                   {product} {ergonomic}
    uintx GCDrainStackTargetSize                   = 64                                        {product} {ergonomic}
   size_t InitialHeapSize                          = 266338304                                 {product} {ergonomic}
   size_t MarkStackSize                            = 4194304                                   {product} {ergonomic}
   size_t MaxHeapSize                              = 4242538496                                {product} {ergonomic}
   size_t MaxNewSize                               = 2544893952                                {product} {ergonomic}
   size_t MinHeapDeltaBytes                        = 1048576                                   {product} {ergonomic}
    uintx NonNMethodCodeHeapSize                   = 5836300                                {pd product} {ergonomic}
    uintx NonProfiledCodeHeapSize                  = 122910970                              {pd product} {ergonomic}
    uintx ProfiledCodeHeapSize                     = 122910970                              {pd product} {ergonomic}
    uintx ReservedCodeCacheSize                    = 251658240                              {pd product} {ergonomic}
     bool SegmentedCodeCache                       = true                                      {product} {ergonomic}
     bool UseCompressedClassPointers               = true                                 {lp64_product} {ergonomic}
     bool UseCompressedOops                        = true                                 {lp64_product} {ergonomic}
     bool UseG1GC                                  = true                                      {product} {ergonomic}
     bool UseLargePagesIndividualAllocation        = false                                  {pd product} {ergonomic}

Logging:
Log output configuration:
 #0: stdout all=warning uptime,level,tags
 #1: stderr all=off uptime,level,tags

Environment Variables:
JAVA_HOME=C:\Program Files\Java\jdk-11.0.17
PATH=C:/Program Files/Java/jdk-11.0.17/bin/server;C:/Program Files/Java/jdk-11.0.17/bin;C:\oracle\WINDOWS.X64_193000_db_home\bin;C:\Program Files\Java\jdk-11.0.17\bin;C:\Windows\system32;C:\Windows;C:\Windows\System32\Wbem;C:\Windows\System32\WindowsPowerShell\v1.0\;C:\Windows\System32\OpenSSH\;C:\Program Files\Git\cmd;C:\Program Files (x86)\Google\Cloud SDK\google-cloud-sdk\bin;C:\ProgramData\chocolatey\bin;C:\Program Files\nodejs\;;C:\Program Files\Docker\Docker\resources\bin;C:\Users\jooyeon\AppData\Local\Microsoft\WindowsApps;C:\Users\jooyeon\AppData\Local\Programs\Microsoft VS Code\bin;C:\Users\jooyeon\cloudnative2023;C:\Users\jooyeon\AppData\Roaming\npm;C:\sts-3.9.17.RELEASE;
USERNAME=jooyeon
OS=Windows_NT
PROCESSOR_IDENTIFIER=Intel64 Family 6 Model 140 Stepping 1, GenuineIntel



---------------  S Y S T E M  ---------------

OS: Windows 10 , 64 bit Build 19041 (10.0.19041.3636)
Hyper-V role detected

CPU:total 8 (initial active 8) (4 cores per cpu, 2 threads per core) family 6 model 140 stepping 1 microcode 0x8a, cmov, cx8, fxsr, mmx, sse, sse2, sse3, ssse3, sse4.1, sse4.2, popcnt, avx, avx2, aes, clmul, erms, 3dnowpref, lzcnt, ht, tsc, tscinvbit, bmi1, bmi2, adx, evex, sha, fma

Memory: 4k page, system-wide physical 16183M (4680M free)
TotalPageFile size 16183M (AvailPageFile size 5M)
current process WorkingSet (physical memory assigned to process): 164M, peak: 164M
current process commit charge ("private bytes"): 408M, peak: 408M

vm_info: Java HotSpot(TM) 64-Bit Server VM (11.0.17+10-LTS-269) for windows-amd64 JRE (11.0.17+10-LTS-269), built on Sep 13 2022 19:26:37 by "mach5one" with MS VC++ 15.9 (VS2017)

END.
